<?xml version="1.0" encoding="UTF-8"?>
<beans xmlns="http://www.springframework.org/schema/beans"
       xmlns:xsi="http://www.w3.org/2001/XMLSchema-instance" xmlns:ctx="http://www.springframework.org/schema/context"
       xmlns:beans="http://www.springframework.org/schema/beans"
       xmlns:camel="http://camel.apache.org/schema/spring" 
       xmlns:jaxws="http://cxf.apache.org/jaxws"
       xmlns:jaxrs="http://cxf.apache.org/jaxrs"
       xmlns:util="http://www.springframework.org/schema/util"
       xmlns:http="http://cxf.apache.org/transports/http/configuration"
       xsi:schemaLocation="http://www.springframework.org/schema/context http://www.springframework.org/schema/context/spring-context.xsd
           http://www.springframework.org/schema/util http://www.springframework.org/schema/util/spring-util.xsd
           http://www.springframework.org/schema/beans http://www.springframework.org/schema/beans/spring-beans-3.1.xsd
           http://camel.apache.org/schema/spring http://camel.apache.org/schema/spring/camel-spring.xsd
           http://camel.apache.org/schema/spring-security http://camel.apache.org/schema/spring-security/camel-spring-security.xsd
           http://cxf.apache.org/jaxws http://cxf.apache.org/schemas/jaxws.xsd
           http://cxf.apache.org/jaxrs http://cxf.apache.org/schemas/jaxrs.xsd
           http://cxf.apache.org/transports/http/configuration http://cxf.apache.org/schemas/configuration/http-conf.xsd">

    <ctx:annotation-config/>

    <ctx:property-placeholder location="classpath:osoitekoostepalvelu.properties, file:///${user.home:''}/oph-configuration/common.properties, file:///${user.home:''}/oph-configuration/override.properties"
                              ignore-resource-not-found="true"/>

    <bean id="jacksonMapper" class="org.codehaus.jackson.map.ObjectMapper"/>

    <!-- Lokituspalvelun käyttöönotto -->
    <import resource="classpath:META-INF/spring/logger-context.xml" />

</beans>
